# JRE version: OpenJDK Runtime Environment (8.0_76-b03) (build 1.8.0_76-release-b03)
# Java VM: OpenJDK 64-Bit Server VM (25.76-b03 mixed mode linux-amd64 compressed oops)
Heap:
 PSYoungGen      total 349696K, used 0K [0x00000000e0000000, 0x0000000100000000, 0x0000000100000000)
  eden space 175104K, 0% used [0x00000000e0000000,0x00000000e0000000,0x00000000eab00000)
  from space 174592K, 0% used [0x00000000f5580000,0x00000000f5580000,0x0000000100000000)
  to   space 174592K, 0% used [0x00000000eab00000,0x00000000eab00000,0x00000000f5580000)
 ParOldGen       total 618496K, used 518533K [0x00000000a0000000, 0x00000000c5c00000, 0x00000000e0000000)
  object space 618496K, 83% used [0x00000000a0000000,0x00000000bfa61548,0x00000000c5c00000)
 Metaspace       used 59723K, capacity 61168K, committed 61568K, reserved 1101824K
  class space    used 8148K, capacity 8457K, committed 8576K, reserved 1048576K
GC Heap History (10 events):
Event: 34.034 GC heap after
Heap after GC invocations=31 (full 6):
 PSYoungGen      total 414208K, used 58912K [0x00000000e0000000, 0x0000000100000000, 0x0000000100000000)
  eden space 305152K, 0% used [0x00000000e0000000,0x00000000e0000000,0x00000000f2a00000)
  from space 109056K, 54% used [0x00000000f9580000,0x00000000fcf08000,0x0000000100000000)
  to   space 109568K, 0% used [0x00000000f2a00000,0x00000000f2a00000,0x00000000f9500000)
 ParOldGen       total 618496K, used 381408K [0x00000000a0000000, 0x00000000c5c00000, 0x00000000e0000000)
  object space 618496K, 61% used [0x00000000a0000000,0x00000000b7478378,0x00000000c5c00000)
 Metaspace       used 58867K, capacity 60368K, committed 60672K, reserved 1101824K
  class space    used 8049K, capacity 8361K, committed 8448K, reserved 1048576K
}
Event: 34.954 GC heap before
{Heap before GC invocations=32 (full 6):
 PSYoungGen      total 414208K, used 364064K [0x00000000e0000000, 0x0000000100000000, 0x0000000100000000)
  eden space 305152K, 100% used [0x00000000e0000000,0x00000000f2a00000,0x00000000f2a00000)
  from space 109056K, 54% used [0x00000000f9580000,0x00000000fcf08000,0x0000000100000000)
  to   space 109568K, 0% used [0x00000000f2a00000,0x00000000f2a00000,0x00000000f9500000)
 ParOldGen       total 618496K, used 381408K [0x00000000a0000000, 0x00000000c5c00000, 0x00000000e0000000)
  object space 618496K, 61% used [0x00000000a0000000,0x00000000b7478378,0x00000000c5c00000)
 Metaspace       used 58966K, capacity 60464K, committed 60672K, reserved 1101824K
  class space    used 8057K, capacity 8393K, committed 8448K, reserved 1048576K
Event: 35.100 GC heap after
Heap after GC invocations=32 (full 6):
 PSYoungGen      total 409088K, used 103520K [0x00000000e0000000, 0x0000000100000000, 0x0000000100000000)
  eden space 305152K, 0% used [0x00000000e0000000,0x00000000e0000000,0x00000000f2a00000)
  from space 103936K, 99% used [0x00000000f2a00000,0x00000000f8f18000,0x00000000f8f80000)
  to   space 115200K, 0% used [0x00000000f8f80000,0x00000000f8f80000,0x0000000100000000)
 ParOldGen       total 618496K, used 381408K [0x00000000a0000000, 0x00000000c5c00000, 0x00000000e0000000)
  object space 618496K, 61% used [0x00000000a0000000,0x00000000b7478378,0x00000000c5c00000)
 Metaspace       used 58966K, capacity 60464K, committed 60672K, reserved 1101824K
  class space    used 8057K, capacity 8393K, committed 8448K, reserved 1048576K
}
Event: 36.477 GC heap before
{Heap before GC invocations=33 (full 6):
 PSYoungGen      total 409088K, used 408672K [0x00000000e0000000, 0x0000000100000000, 0x0000000100000000)
  eden space 305152K, 100% used [0x00000000e0000000,0x00000000f2a00000,0x00000000f2a00000)
  from space 103936K, 99% used [0x00000000f2a00000,0x00000000f8f18000,0x00000000f8f80000)
  to   space 115200K, 0% used [0x00000000f8f80000,0x00000000f8f80000,0x0000000100000000)
 ParOldGen       total 618496K, used 381408K [0x00000000a0000000, 0x00000000c5c00000, 0x00000000e0000000)
  object space 618496K, 61% used [0x00000000a0000000,0x00000000b7478378,0x00000000c5c00000)
 Metaspace       used 59723K, capacity 61168K, committed 61568K, reserved 1101824K
  class space    used 8148K, capacity 8457K, committed 8576K, reserved 1048576K
Event: 36.759 GC heap after
Heap after GC invocations=33 (full 6):
 PSYoungGen      total 308736K, used 115200K [0x00000000e0000000, 0x0000000100000000, 0x0000000100000000)
  eden space 193536K, 0% used [0x00000000e0000000,0x00000000e0000000,0x00000000ebd00000)
  from space 115200K, 100% used [0x00000000f8f80000,0x0000000100000000,0x0000000100000000)
  to   space 165376K, 0% used [0x00000000ebd00000,0x00000000ebd00000,0x00000000f5e80000)
 ParOldGen       total 618496K, used 438810K [0x00000000a0000000, 0x00000000c5c00000, 0x00000000e0000000)
  object space 618496K, 70% used [0x00000000a0000000,0x00000000bac86838,0x00000000c5c00000)
 Metaspace       used 59723K, capacity 61168K, committed 61568K, reserved 1101824K
  class space    used 8148K, capacity 8457K, committed 8576K, reserved 1048576K
}
Event: 37.475 GC heap before
{Heap before GC invocations=34 (full 6):
 PSYoungGen      total 308736K, used 308736K [0x00000000e0000000, 0x0000000100000000, 0x0000000100000000)
  eden space 193536K, 100% used [0x00000000e0000000,0x00000000ebd00000,0x00000000ebd00000)
  from space 115200K, 100% used [0x00000000f8f80000,0x0000000100000000,0x0000000100000000)
  to   space 165376K, 0% used [0x00000000ebd00000,0x00000000ebd00000,0x00000000f5e80000)
 ParOldGen       total 618496K, used 438810K [0x00000000a0000000, 0x00000000c5c00000, 0x00000000e0000000)
  object space 618496K, 70% used [0x00000000a0000000,0x00000000bac86838,0x00000000c5c00000)
 Metaspace       used 59723K, capacity 61168K, committed 61568K, reserved 1101824K
  class space    used 8148K, capacity 8457K, committed 8576K, reserved 1048576K
Event: 37.864 GC heap after
Heap after GC invocations=34 (full 6):
 PSYoungGen      total 310784K, used 117024K [0x00000000e0000000, 0x0000000100000000, 0x0000000100000000)
  eden space 193536K, 0% used [0x00000000e0000000,0x00000000e0000000,0x00000000ebd00000)
  from space 117248K, 99% used [0x00000000ebd00000,0x00000000f2f48000,0x00000000f2f80000)
  to   space 174592K, 0% used [0x00000000f5580000,0x00000000f5580000,0x0000000100000000)
 ParOldGen       total 618496K, used 480905K [0x00000000a0000000, 0x00000000c5c00000, 0x00000000e0000000)
  object space 618496K, 77% used [0x00000000a0000000,0x00000000bd5a2538,0x00000000c5c00000)
 Metaspace       used 59723K, capacity 61168K, committed 61568K, reserved 1101824K
  class space    used 8148K, capacity 8457K, committed 8576K, reserved 1048576K
}
Event: 38.508 GC heap before
{Heap before GC invocations=35 (full 6):
 PSYoungGen      total 310784K, used 310560K [0x00000000e0000000, 0x0000000100000000, 0x0000000100000000)
  eden space 193536K, 100% used [0x00000000e0000000,0x00000000ebd00000,0x00000000ebd00000)
  from space 117248K, 99% used [0x00000000ebd00000,0x00000000f2f48000,0x00000000f2f80000)
  to   space 174592K, 0% used [0x00000000f5580000,0x00000000f5580000,0x0000000100000000)
 ParOldGen       total 618496K, used 480905K [0x00000000a0000000, 0x00000000c5c00000, 0x00000000e0000000)
  object space 618496K, 77% used [0x00000000a0000000,0x00000000bd5a2538,0x00000000c5c00000)
 Metaspace       used 59723K, capacity 61168K, committed 61568K, reserved 1101824K
  class space    used 8148K, capacity 8457K, committed 8576K, reserved 1048576K
Event: 38.915 GC heap after
Heap after GC invocations=35 (full 6):
 PSYoungGen      total 349696K, used 92160K [0x00000000e0000000, 0x0000000100000000, 0x0000000100000000)
  eden space 175104K, 0% used [0x00000000e0000000,0x00000000e0000000,0x00000000eab00000)
  from space 174592K, 52% used [0x00000000f5580000,0x00000000faf80000,0x0000000100000000)
  to   space 174592K, 0% used [0x00000000eab00000,0x00000000eab00000,0x00000000f5580000)
 ParOldGen       total 618496K, used 553273K [0x00000000a0000000, 0x00000000c5c00000, 0x00000000e0000000)
  object space 618496K, 89% used [0x00000000a0000000,0x00000000c1c4e538,0x00000000c5c00000)
 Metaspace       used 59723K, capacity 61168K, committed 61568K, reserved 1101824K
  class space    used 8148K, capacity 8457K, committed 8576K, reserved 1048576K
}
Event: 38.915 GC heap before
{Heap before GC invocations=36 (full 7):
 PSYoungGen      total 349696K, used 92160K [0x00000000e0000000, 0x0000000100000000, 0x0000000100000000)
  eden space 175104K, 0% used [0x00000000e0000000,0x00000000e0000000,0x00000000eab00000)
  from space 174592K, 52% used [0x00000000f5580000,0x00000000faf80000,0x0000000100000000)
  to   space 174592K, 0% used [0x00000000eab00000,0x00000000eab00000,0x00000000f5580000)
 ParOldGen       total 618496K, used 553273K [0x00000000a0000000, 0x00000000c5c00000, 0x00000000e0000000)
  object space 618496K, 89% used [0x00000000a0000000,0x00000000c1c4e538,0x00000000c5c00000)
 Metaspace       used 59723K, capacity 61168K, committed 61568K, reserved 1101824K
  class space    used 8148K, capacity 8457K, committed 8576K, reserved 1048576K

