# JRE version: OpenJDK Runtime Environment (8.0_76-b03) (build 1.8.0_76-release-b03)
# Java VM: OpenJDK 64-Bit Server VM (25.76-b03 mixed mode linux-amd64 compressed oops)
Heap:
 PSYoungGen      total 407040K, used 0K [0x00000000e0000000, 0x0000000100000000, 0x0000000100000000)
  eden space 292864K, 0% used [0x00000000e0000000,0x00000000e0000000,0x00000000f1e00000)
  from space 114176K, 0% used [0x00000000f9080000,0x00000000f9080000,0x0000000100000000)
  to   space 115712K, 0% used [0x00000000f1e00000,0x00000000f1e00000,0x00000000f8f00000)
 ParOldGen       total 665088K, used 577450K [0x00000000a0000000, 0x00000000c8980000, 0x00000000e0000000)
  object space 665088K, 86% used [0x00000000a0000000,0x00000000c33eaaa8,0x00000000c8980000)
 Metaspace       used 92927K, capacity 97160K, committed 97280K, reserved 1134592K
  class space    used 11871K, capacity 12742K, committed 12800K, reserved 1048576K
GC Heap History (10 events):
Event: 2298.523 GC heap after
Heap after GC invocations=84 (full 14):
 PSYoungGen      total 359424K, used 44800K [0x00000000e0000000, 0x00000000fe180000, 0x0000000100000000)
  eden space 249344K, 0% used [0x00000000e0000000,0x00000000e0000000,0x00000000ef380000)
  from space 110080K, 40% used [0x00000000f7600000,0x00000000fa1c0000,0x00000000fe180000)
  to   space 121856K, 0% used [0x00000000ef380000,0x00000000ef380000,0x00000000f6a80000)
 ParOldGen       total 665088K, used 431547K [0x00000000a0000000, 0x00000000c8980000, 0x00000000e0000000)
  object space 665088K, 64% used [0x00000000a0000000,0x00000000ba56eff0,0x00000000c8980000)
 Metaspace       used 92918K, capacity 97160K, committed 97280K, reserved 1134592K
  class space    used 11870K, capacity 12742K, committed 12800K, reserved 1048576K
}
Event: 2298.942 GC heap before
{Heap before GC invocations=85 (full 14):
 PSYoungGen      total 359424K, used 294144K [0x00000000e0000000, 0x00000000fe180000, 0x0000000100000000)
  eden space 249344K, 100% used [0x00000000e0000000,0x00000000ef380000,0x00000000ef380000)
  from space 110080K, 40% used [0x00000000f7600000,0x00000000fa1c0000,0x00000000fe180000)
  to   space 121856K, 0% used [0x00000000ef380000,0x00000000ef380000,0x00000000f6a80000)
 ParOldGen       total 665088K, used 431547K [0x00000000a0000000, 0x00000000c8980000, 0x00000000e0000000)
  object space 665088K, 64% used [0x00000000a0000000,0x00000000ba56eff0,0x00000000c8980000)
 Metaspace       used 92925K, capacity 97160K, committed 97280K, reserved 1134592K
  class space    used 11870K, capacity 12742K, committed 12800K, reserved 1048576K
Event: 2299.092 GC heap after
Heap after GC invocations=85 (full 14):
 PSYoungGen      total 371200K, used 40544K [0x00000000e0000000, 0x00000000ff080000, 0x0000000100000000)
  eden space 249344K, 0% used [0x00000000e0000000,0x00000000e0000000,0x00000000ef380000)
  from space 121856K, 33% used [0x00000000ef380000,0x00000000f1b18000,0x00000000f6a80000)
  to   space 115712K, 0% used [0x00000000f7f80000,0x00000000f7f80000,0x00000000ff080000)
 ParOldGen       total 665088K, used 475419K [0x00000000a0000000, 0x00000000c8980000, 0x00000000e0000000)
  object space 665088K, 71% used [0x00000000a0000000,0x00000000bd046cf0,0x00000000c8980000)
 Metaspace       used 92925K, capacity 97160K, committed 97280K, reserved 1134592K
  class space    used 11870K, capacity 12742K, committed 12800K, reserved 1048576K
}
Event: 2299.694 GC heap before
{Heap before GC invocations=86 (full 14):
 PSYoungGen      total 371200K, used 289888K [0x00000000e0000000, 0x00000000ff080000, 0x0000000100000000)
  eden space 249344K, 100% used [0x00000000e0000000,0x00000000ef380000,0x00000000ef380000)
  from space 121856K, 33% used [0x00000000ef380000,0x00000000f1b18000,0x00000000f6a80000)
  to   space 115712K, 0% used [0x00000000f7f80000,0x00000000f7f80000,0x00000000ff080000)
 ParOldGen       total 665088K, used 475419K [0x00000000a0000000, 0x00000000c8980000, 0x00000000e0000000)
  object space 665088K, 71% used [0x00000000a0000000,0x00000000bd046cf0,0x00000000c8980000)
 Metaspace       used 92926K, capacity 97160K, committed 97280K, reserved 1134592K
  class space    used 11870K, capacity 12742K, committed 12800K, reserved 1048576K
Event: 2299.884 GC heap after
Heap after GC invocations=86 (full 14):
 PSYoungGen      total 389632K, used 60512K [0x00000000e0000000, 0x00000000fed00000, 0x0000000100000000)
  eden space 277504K, 0% used [0x00000000e0000000,0x00000000e0000000,0x00000000f0f00000)
  from space 112128K, 53% used [0x00000000f7f80000,0x00000000fba98020,0x00000000fed00000)
  to   space 113664K, 0% used [0x00000000f0f00000,0x00000000f0f00000,0x00000000f7e00000)
 ParOldGen       total 665088K, used 515875K [0x00000000a0000000, 0x00000000c8980000, 0x00000000e0000000)
  object space 665088K, 77% used [0x00000000a0000000,0x00000000bf7c8cf0,0x00000000c8980000)
 Metaspace       used 92926K, capacity 97160K, committed 97280K, reserved 1134592K
  class space    used 11870K, capacity 12742K, committed 12800K, reserved 1048576K
}
Event: 2300.374 GC heap before
{Heap before GC invocations=87 (full 14):
 PSYoungGen      total 389632K, used 338016K [0x00000000e0000000, 0x00000000fed00000, 0x0000000100000000)
  eden space 277504K, 100% used [0x00000000e0000000,0x00000000f0f00000,0x00000000f0f00000)
  from space 112128K, 53% used [0x00000000f7f80000,0x00000000fba98020,0x00000000fed00000)
  to   space 113664K, 0% used [0x00000000f0f00000,0x00000000f0f00000,0x00000000f7e00000)
 ParOldGen       total 665088K, used 515875K [0x00000000a0000000, 0x00000000c8980000, 0x00000000e0000000)
  object space 665088K, 77% used [0x00000000a0000000,0x00000000bf7c8cf0,0x00000000c8980000)
 Metaspace       used 92926K, capacity 97160K, committed 97280K, reserved 1134592K
  class space    used 11870K, capacity 12742K, committed 12800K, reserved 1048576K
Event: 2300.612 GC heap after
Heap after GC invocations=87 (full 14):
 PSYoungGen      total 391168K, used 68096K [0x00000000e0000000, 0x0000000100000000, 0x0000000100000000)
  eden space 277504K, 0% used [0x00000000e0000000,0x00000000e0000000,0x00000000f0f00000)
  from space 113664K, 59% used [0x00000000f0f00000,0x00000000f5180000,0x00000000f7e00000)
  to   space 114176K, 0% used [0x00000000f9080000,0x00000000f9080000,0x0000000100000000)
 ParOldGen       total 665088K, used 575411K [0x00000000a0000000, 0x00000000c8980000, 0x00000000e0000000)
  object space 665088K, 86% used [0x00000000a0000000,0x00000000c31ecd10,0x00000000c8980000)
 Metaspace       used 92926K, capacity 97160K, committed 97280K, reserved 1134592K
  class space    used 11870K, capacity 12742K, committed 12800K, reserved 1048576K
}
Event: 2301.008 GC heap before
{Heap before GC invocations=88 (full 14):
 PSYoungGen      total 391168K, used 345600K [0x00000000e0000000, 0x0000000100000000, 0x0000000100000000)
  eden space 277504K, 100% used [0x00000000e0000000,0x00000000f0f00000,0x00000000f0f00000)
  from space 113664K, 59% used [0x00000000f0f00000,0x00000000f5180000,0x00000000f7e00000)
  to   space 114176K, 0% used [0x00000000f9080000,0x00000000f9080000,0x0000000100000000)
 ParOldGen       total 665088K, used 575411K [0x00000000a0000000, 0x00000000c8980000, 0x00000000e0000000)
  object space 665088K, 86% used [0x00000000a0000000,0x00000000c31ecd10,0x00000000c8980000)
 Metaspace       used 92927K, capacity 97160K, committed 97280K, reserved 1134592K
  class space    used 11871K, capacity 12742K, committed 12800K, reserved 1048576K
Event: 2301.253 GC heap after
Heap after GC invocations=88 (full 14):
 PSYoungGen      total 407040K, used 71776K [0x00000000e0000000, 0x0000000100000000, 0x0000000100000000)
  eden space 292864K, 0% used [0x00000000e0000000,0x00000000e0000000,0x00000000f1e00000)
  from space 114176K, 62% used [0x00000000f9080000,0x00000000fd698000,0x0000000100000000)
  to   space 115712K, 0% used [0x00000000f1e00000,0x00000000f1e00000,0x00000000f8f00000)
 ParOldGen       total 665088K, used 643683K [0x00000000a0000000, 0x00000000c8980000, 0x00000000e0000000)
  object space 665088K, 96% used [0x00000000a0000000,0x00000000c7498d10,0x00000000c8980000)
 Metaspace       used 92927K, capacity 97160K, committed 97280K, reserved 1134592K
  class space    used 11871K, capacity 12742K, committed 12800K, reserved 1048576K
}
Event: 2301.254 GC heap before
{Heap before GC invocations=89 (full 15):
 PSYoungGen      total 407040K, used 71776K [0x00000000e0000000, 0x0000000100000000, 0x0000000100000000)
  eden space 292864K, 0% used [0x00000000e0000000,0x00000000e0000000,0x00000000f1e00000)
  from space 114176K, 62% used [0x00000000f9080000,0x00000000fd698000,0x0000000100000000)
  to   space 115712K, 0% used [0x00000000f1e00000,0x00000000f1e00000,0x00000000f8f00000)
 ParOldGen       total 665088K, used 643683K [0x00000000a0000000, 0x00000000c8980000, 0x00000000e0000000)
  object space 665088K, 96% used [0x00000000a0000000,0x00000000c7498d10,0x00000000c8980000)
 Metaspace       used 92927K, capacity 97160K, committed 97280K, reserved 1134592K
  class space    used 11871K, capacity 12742K, committed 12800K, reserved 1048576K

