# JRE version: OpenJDK Runtime Environment (8.0_76-b03) (build 1.8.0_76-release-b03)
# Java VM: OpenJDK 64-Bit Server VM (25.76-b03 mixed mode linux-amd64 compressed oops)
Heap:
 PSYoungGen      total 244736K, used 0K [0x00000000e0000000, 0x00000000ff400000, 0x0000000100000000)
  eden space 203776K, 0% used [0x00000000e0000000,0x00000000e0000000,0x00000000ec700000)
  from space 40960K, 0% used [0x00000000ec700000,0x00000000ec700000,0x00000000eef00000)
  to   space 154112K, 0% used [0x00000000f5d80000,0x00000000f5d80000,0x00000000ff400000)
 ParOldGen       total 515584K, used 485545K [0x00000000a0000000, 0x00000000bf780000, 0x00000000e0000000)
  object space 515584K, 94% used [0x00000000a0000000,0x00000000bda2a570,0x00000000bf780000)
 Metaspace       used 59853K, capacity 61290K, committed 61568K, reserved 1101824K
  class space    used 8144K, capacity 8456K, committed 8576K, reserved 1048576K
GC Heap History (10 events):
Event: 36.143 GC heap after
Heap after GC invocations=30 (full 5):
 PSYoungGen      total 309760K, used 69184K [0x00000000e0000000, 0x00000000ff380000, 0x0000000100000000)
  eden space 240128K, 0% used [0x00000000e0000000,0x00000000e0000000,0x00000000eea80000)
  from space 69632K, 99% used [0x00000000eea80000,0x00000000f2e10000,0x00000000f2e80000)
  to   space 135680K, 0% used [0x00000000f6f00000,0x00000000f6f00000,0x00000000ff380000)
 ParOldGen       total 515584K, used 302235K [0x00000000a0000000, 0x00000000bf780000, 0x00000000e0000000)
  object space 515584K, 58% used [0x00000000a0000000,0x00000000b2726ca8,0x00000000bf780000)
 Metaspace       used 58982K, capacity 60432K, committed 60672K, reserved 1101824K
  class space    used 8045K, capacity 8361K, committed 8448K, reserved 1048576K
}
Event: 36.867 GC heap before
{Heap before GC invocations=31 (full 5):
 PSYoungGen      total 309760K, used 309312K [0x00000000e0000000, 0x00000000ff380000, 0x0000000100000000)
  eden space 240128K, 100% used [0x00000000e0000000,0x00000000eea80000,0x00000000eea80000)
  from space 69632K, 99% used [0x00000000eea80000,0x00000000f2e10000,0x00000000f2e80000)
  to   space 135680K, 0% used [0x00000000f6f00000,0x00000000f6f00000,0x00000000ff380000)
 ParOldGen       total 515584K, used 302235K [0x00000000a0000000, 0x00000000bf780000, 0x00000000e0000000)
  object space 515584K, 58% used [0x00000000a0000000,0x00000000b2726ca8,0x00000000bf780000)
 Metaspace       used 59008K, capacity 60496K, committed 60672K, reserved 1101824K
  class space    used 8045K, capacity 8361K, committed 8448K, reserved 1048576K
Event: 37.005 GC heap after
Heap after GC invocations=31 (full 5):
 PSYoungGen      total 361984K, used 111680K [0x00000000e0000000, 0x0000000100000000, 0x0000000100000000)
  eden space 226304K, 0% used [0x00000000e0000000,0x00000000e0000000,0x00000000edd00000)
  from space 135680K, 82% used [0x00000000f6f00000,0x00000000fdc10000,0x00000000ff380000)
  to   space 148992K, 0% used [0x00000000edd00000,0x00000000edd00000,0x00000000f6e80000)
 ParOldGen       total 515584K, used 302243K [0x00000000a0000000, 0x00000000bf780000, 0x00000000e0000000)
  object space 515584K, 58% used [0x00000000a0000000,0x00000000b2728ca8,0x00000000bf780000)
 Metaspace       used 59008K, capacity 60496K, committed 60672K, reserved 1101824K
  class space    used 8045K, capacity 8361K, committed 8448K, reserved 1048576K
}
Event: 37.622 GC heap before
{Heap before GC invocations=32 (full 5):
 PSYoungGen      total 361984K, used 337984K [0x00000000e0000000, 0x0000000100000000, 0x0000000100000000)
  eden space 226304K, 100% used [0x00000000e0000000,0x00000000edd00000,0x00000000edd00000)
  from space 135680K, 82% used [0x00000000f6f00000,0x00000000fdc10000,0x00000000ff380000)
  to   space 148992K, 0% used [0x00000000edd00000,0x00000000edd00000,0x00000000f6e80000)
 ParOldGen       total 515584K, used 302243K [0x00000000a0000000, 0x00000000bf780000, 0x00000000e0000000)
  object space 515584K, 58% used [0x00000000a0000000,0x00000000b2728ca8,0x00000000bf780000)
 Metaspace       used 59029K, capacity 60496K, committed 60672K, reserved 1101824K
  class space    used 8046K, capacity 8361K, committed 8448K, reserved 1048576K
Event: 37.909 GC heap after
Heap after GC invocations=32 (full 5):
 PSYoungGen      total 344064K, used 117504K [0x00000000e0000000, 0x0000000100000000, 0x0000000100000000)
  eden space 226304K, 0% used [0x00000000e0000000,0x00000000e0000000,0x00000000edd00000)
  from space 117760K, 99% used [0x00000000edd00000,0x00000000f4fc0000,0x00000000f5000000)
  to   space 161792K, 0% used [0x00000000f6200000,0x00000000f6200000,0x0000000100000000)
 ParOldGen       total 515584K, used 340571K [0x00000000a0000000, 0x00000000bf780000, 0x00000000e0000000)
  object space 515584K, 66% used [0x00000000a0000000,0x00000000b4c96ca8,0x00000000bf780000)
 Metaspace       used 59029K, capacity 60496K, committed 60672K, reserved 1101824K
  class space    used 8046K, capacity 8361K, committed 8448K, reserved 1048576K
}
Event: 38.667 GC heap before
{Heap before GC invocations=33 (full 5):
 PSYoungGen      total 344064K, used 343808K [0x00000000e0000000, 0x0000000100000000, 0x0000000100000000)
  eden space 226304K, 100% used [0x00000000e0000000,0x00000000edd00000,0x00000000edd00000)
  from space 117760K, 99% used [0x00000000edd00000,0x00000000f4fc0000,0x00000000f5000000)
  to   space 161792K, 0% used [0x00000000f6200000,0x00000000f6200000,0x0000000100000000)
 ParOldGen       total 515584K, used 340571K [0x00000000a0000000, 0x00000000bf780000, 0x00000000e0000000)
  object space 515584K, 66% used [0x00000000a0000000,0x00000000b4c96ca8,0x00000000bf780000)
 Metaspace       used 59112K, capacity 60592K, committed 60928K, reserved 1101824K
  class space    used 8053K, capacity 8393K, committed 8448K, reserved 1048576K
Event: 38.922 GC heap after
Heap after GC invocations=33 (full 5):
 PSYoungGen      total 365568K, used 82496K [0x00000000e0000000, 0x0000000100000000, 0x0000000100000000)
  eden space 203776K, 0% used [0x00000000e0000000,0x00000000e0000000,0x00000000ec700000)
  from space 161792K, 50% used [0x00000000f6200000,0x00000000fb290000,0x0000000100000000)
  to   space 158720K, 0% used [0x00000000ec700000,0x00000000ec700000,0x00000000f6200000)
 ParOldGen       total 515584K, used 413483K [0x00000000a0000000, 0x00000000bf780000, 0x00000000e0000000)
  object space 515584K, 80% used [0x00000000a0000000,0x00000000b93caca8,0x00000000bf780000)
 Metaspace       used 59112K, capacity 60592K, committed 60928K, reserved 1101824K
  class space    used 8053K, capacity 8393K, committed 8448K, reserved 1048576K
}
Event: 40.173 GC heap before
{Heap before GC invocations=34 (full 5):
 PSYoungGen      total 365568K, used 286272K [0x00000000e0000000, 0x0000000100000000, 0x0000000100000000)
  eden space 203776K, 100% used [0x00000000e0000000,0x00000000ec700000,0x00000000ec700000)
  from space 161792K, 50% used [0x00000000f6200000,0x00000000fb290000,0x0000000100000000)
  to   space 158720K, 0% used [0x00000000ec700000,0x00000000ec700000,0x00000000f6200000)
 ParOldGen       total 515584K, used 413483K [0x00000000a0000000, 0x00000000bf780000, 0x00000000e0000000)
  object space 515584K, 80% used [0x00000000a0000000,0x00000000b93caca8,0x00000000bf780000)
 Metaspace       used 59856K, capacity 61296K, committed 61568K, reserved 1101824K
  class space    used 8145K, capacity 8457K, committed 8576K, reserved 1048576K
Event: 40.370 GC heap after
Heap after GC invocations=34 (full 5):
 PSYoungGen      total 244736K, used 40512K [0x00000000e0000000, 0x00000000ff400000, 0x0000000100000000)
  eden space 203776K, 0% used [0x00000000e0000000,0x00000000e0000000,0x00000000ec700000)
  from space 40960K, 98% used [0x00000000ec700000,0x00000000eee90008,0x00000000eef00000)
  to   space 154112K, 0% used [0x00000000f5d80000,0x00000000f5d80000,0x00000000ff400000)
 ParOldGen       total 515584K, used 495818K [0x00000000a0000000, 0x00000000bf780000, 0x00000000e0000000)
  object space 515584K, 96% used [0x00000000a0000000,0x00000000be4329a8,0x00000000bf780000)
 Metaspace       used 59856K, capacity 61296K, committed 61568K, reserved 1101824K
  class space    used 8145K, capacity 8457K, committed 8576K, reserved 1048576K
}
Event: 40.370 GC heap before
{Heap before GC invocations=35 (full 6):
 PSYoungGen      total 244736K, used 40512K [0x00000000e0000000, 0x00000000ff400000, 0x0000000100000000)
  eden space 203776K, 0% used [0x00000000e0000000,0x00000000e0000000,0x00000000ec700000)
  from space 40960K, 98% used [0x00000000ec700000,0x00000000eee90008,0x00000000eef00000)
  to   space 154112K, 0% used [0x00000000f5d80000,0x00000000f5d80000,0x00000000ff400000)
 ParOldGen       total 515584K, used 495818K [0x00000000a0000000, 0x00000000bf780000, 0x00000000e0000000)
  object space 515584K, 96% used [0x00000000a0000000,0x00000000be4329a8,0x00000000bf780000)
 Metaspace       used 59856K, capacity 61296K, committed 61568K, reserved 1101824K
  class space    used 8145K, capacity 8457K, committed 8576K, reserved 1048576K

